TN:
SF:script/DeployProduction.s.sol
DA:56,0
FN:56,DeployProduction.run
FNDA:0,DeployProduction.run
DA:57,0
DA:59,0
DA:60,0
DA:61,0
DA:62,0
DA:63,0
DA:64,0
DA:65,0
DA:67,0
DA:70,0
DA:71,0
DA:74,0
DA:77,0
DA:80,0
DA:82,0
DA:85,0
DA:88,0
FN:88,DeployProduction._loadConfig
FNDA:0,DeployProduction._loadConfig
DA:89,0
DA:99,0
FN:99,DeployProduction._deployContracts
FNDA:0,DeployProduction._deployContracts
DA:102,0
DA:104,0
DA:105,0
DA:107,0
DA:108,0
DA:110,0
DA:112,0
DA:114,0
DA:115,0
DA:117,0
DA:119,0
DA:121,0
DA:122,0
DA:124,0
DA:125,0
DA:127,0
DA:128,0
DA:130,0
DA:131,0
DA:133,0
DA:134,0
DA:136,0
DA:137,0
DA:139,0
DA:140,0
DA:142,0
DA:143,0
DA:145,0
DA:146,0
DA:149,0
FN:149,DeployProduction._wireAllCapabilities
FNDA:0,DeployProduction._wireAllCapabilities
DA:151,0
DA:154,0
DA:157,0
DA:160,0
DA:163,0
DA:166,0
DA:171,0
DA:172,0
DA:173,0
DA:174,0
DA:175,0
DA:176,0
DA:177,0
DA:178,0
DA:179,0
DA:180,0
DA:181,0
DA:182,0
DA:183,0
DA:186,0
DA:189,0
DA:192,0
DA:195,0
DA:198,0
DA:201,0
DA:204,0
DA:207,0
DA:210,0
DA:215,0
DA:218,0
DA:219,0
DA:220,0
DA:223,0
DA:228,0
DA:231,0
DA:234,0
DA:237,0
DA:240,0
DA:245,0
DA:248,0
DA:251,0
DA:254,0
DA:257,0
DA:265,0
DA:266,0
DA:269,0
DA:272,0
DA:275,0
DA:278,0
DA:283,0
DA:286,0
DA:289,0
DA:292,0
DA:295,0
DA:300,0
DA:303,0
DA:304,0
DA:307,0
DA:310,0
DA:313,0
DA:316,0
DA:321,0
DA:324,0
DA:327,0
DA:330,0
DA:335,0
DA:341,0
DA:347,0
DA:353,0
DA:356,0
DA:364,0
DA:367,0
DA:370,0
DA:375,0
DA:378,0
DA:381,0
DA:388,0
DA:391,0
FN:391,DeployProduction._assignRoles
FNDA:0,DeployProduction._assignRoles
DA:395,0
DA:396,0
DA:397,0
DA:400,0
DA:401,0
DA:404,0
BRDA:404,0,0,-
DA:405,0
DA:406,0
DA:407,0
DA:408,0
DA:409,0
DA:413,0
FN:413,DeployProduction._outputVerificationData
FNDA:0,DeployProduction._outputVerificationData
DA:416,0
DA:417,0
DA:418,0
DA:419,0
DA:420,0
DA:421,0
DA:422,0
DA:423,0
DA:424,0
DA:425,0
DA:426,0
DA:427,0
DA:428,0
DA:429,0
DA:430,0
DA:431,0
DA:432,0
DA:433,0
FNF:6
FNH:0
LF:158
LH:0
BRF:1
BRH:0
end_of_record
TN:
SF:script/DeployWithRoles.s.sol
DA:44,0
FN:44,DeployWithRoles.run
FNDA:0,DeployWithRoles.run
DA:45,0
DA:46,0
DA:47,0
DA:48,0
DA:50,0
DA:52,0
DA:53,0
DA:55,0
DA:56,0
BRDA:56,0,0,-
BRDA:56,0,1,-
DA:57,0
DA:59,0
DA:62,0
DA:63,0
DA:64,0
DA:65,0
DA:66,0
DA:67,0
DA:68,0
DA:69,0
DA:70,0
DA:71,0
DA:72,0
DA:73,0
DA:74,0
DA:75,0
DA:77,0
DA:79,0
BRDA:79,1,0,-
DA:80,0
DA:81,0
DA:82,0
DA:85,0
DA:86,0
DA:89,0
FN:89,DeployWithRoles._wireAllRoles
FNDA:0,DeployWithRoles._wireAllRoles
DA:91,0
DA:94,0
DA:97,0
DA:100,0
DA:103,0
DA:106,0
DA:111,0
DA:112,0
DA:113,0
DA:114,0
DA:115,0
DA:116,0
DA:117,0
DA:118,0
DA:119,0
DA:120,0
DA:121,0
DA:122,0
DA:123,0
DA:126,0
DA:129,0
DA:132,0
DA:135,0
DA:138,0
DA:141,0
DA:144,0
DA:147,0
DA:150,0
DA:155,0
DA:158,0
DA:159,0
DA:160,0
DA:163,0
DA:168,0
DA:171,0
DA:174,0
DA:177,0
DA:180,0
DA:185,0
DA:188,0
DA:191,0
DA:194,0
DA:197,0
DA:205,0
DA:206,0
DA:209,0
DA:212,0
DA:215,0
DA:218,0
DA:223,0
DA:226,0
DA:229,0
DA:232,0
DA:235,0
DA:240,0
DA:243,0
DA:244,0
DA:247,0
DA:250,0
DA:253,0
DA:256,0
DA:261,0
DA:264,0
DA:267,0
DA:270,0
DA:273,0
DA:278,0
DA:284,0
DA:290,0
DA:296,0
DA:299,0
DA:307,0
DA:310,0
DA:313,0
DA:316,0
DA:319,0
DA:322,0
DA:332,0
FN:332,MockERC20.constructor
FNDA:0,MockERC20.constructor
DA:337,0
DA:340,0
FN:340,MockERC20.mint
FNDA:0,MockERC20.mint
DA:344,0
FNF:4
FNH:0
LF:115
LH:0
BRF:3
BRH:0
end_of_record
TN:
SF:src/CrossChainRouter.sol
DA:85,1
FN:85,CrossChainRouter.queueChainConfig
FNDA:1,CrossChainRouter.queueChainConfig
DA:92,1
BRDA:92,0,0,-
DA:93,1
BRDA:93,1,0,-
DA:95,1
DA:97,1
DA:103,1
DA:106,0
FN:106,CrossChainRouter.executeChainConfig
FNDA:0,CrossChainRouter.executeChainConfig
DA:109,0
DA:110,0
BRDA:110,2,0,-
DA:111,0
BRDA:111,3,0,-
DA:112,0
DA:116,0
DA:117,0
BRDA:117,4,0,-
DA:118,0
DA:121,0
DA:124,0
DA:127,0
FN:127,CrossChainRouter.cancelPendingConfig
FNDA:0,CrossChainRouter.cancelPendingConfig
DA:130,0
BRDA:130,5,0,-
DA:132,0
DA:135,0
FN:135,CrossChainRouter.setDailyLimit
FNDA:0,CrossChainRouter.setDailyLimit
DA:139,0
DA:140,0
DA:147,0
FN:147,CrossChainRouter.executeCrossChainTrade
FNDA:0,CrossChainRouter.executeCrossChainTrade
DA:153,0
DA:154,0
BRDA:154,6,0,-
DA:155,0
BRDA:155,7,0,-
DA:156,0
BRDA:156,8,0,-
DA:159,0
DA:162,0
DA:163,0
BRDA:163,9,0,-
DA:164,0
DA:165,0
BRDA:165,10,0,-
DA:166,0
DA:170,0
DA:173,0
DA:174,0
BRDA:174,11,0,-
DA:177,0
BRDA:177,12,0,-
BRDA:177,12,1,-
DA:178,0
DA:180,0
DA:183,0
DA:186,0
FN:186,CrossChainRouter._resetDailyVolumeIfNeeded
FNDA:0,CrossChainRouter._resetDailyVolumeIfNeeded
DA:189,0
DA:190,0
BRDA:190,13,0,-
DA:191,0
DA:192,0
DA:193,0
DA:201,0
FN:201,CrossChainRouter.getChainConfig
FNDA:0,CrossChainRouter.getChainConfig
DA:204,0
DA:207,1
FN:207,CrossChainRouter.getPendingConfig
FNDA:1,CrossChainRouter.getPendingConfig
DA:210,1
DA:213,0
FN:213,CrossChainRouter.getSupportedChains
FNDA:0,CrossChainRouter.getSupportedChains
DA:214,0
DA:217,0
FN:217,CrossChainRouter.getRemainingDailyVolume
FNDA:0,CrossChainRouter.getRemainingDailyVolume
DA:220,0
DA:221,0
BRDA:221,14,0,-
DA:223,0
DA:224,0
BRDA:224,15,0,-
DA:226,0
DA:229,0
FN:229,CrossChainRouter.isChainActive
FNDA:0,CrossChainRouter.isChainActive
DA:232,0
FNF:11
FNH:2
LF:60
LH:8
BRF:17
BRH:0
end_of_record
TN:
SF:src/ExecutionAnalytics.sol
DA:47,0
FN:47,ExecutionAnalytics.recordExecution
FNDA:0,ExecutionAnalytics.recordExecution
DA:54,0
DA:60,0
DA:61,0
DA:62,0
DA:64,0
DA:71,0
FN:71,ExecutionAnalytics.getExecutionHistory
FNDA:0,ExecutionAnalytics.getExecutionHistory
DA:74,0
DA:77,0
FN:77,ExecutionAnalytics.getExecutionCount
FNDA:0,ExecutionAnalytics.getExecutionCount
DA:80,0
DA:83,0
FN:83,ExecutionAnalytics.getAverageGasUsed
FNDA:0,ExecutionAnalytics.getAverageGasUsed
DA:86,0
DA:87,0
BRDA:87,0,0,-
DA:89,0
DA:90,0
DA:91,0
DA:93,0
DA:96,0
FN:96,ExecutionAnalytics.getProtocolStats
FNDA:0,ExecutionAnalytics.getProtocolStats
DA:97,0
FNF:5
FNH:0
LF:19
LH:0
BRF:1
BRH:0
end_of_record
TN:
SF:src/ExecutionTrigger.sol
DA:73,1
FN:73,ExecutionTrigger.addTrigger
FNDA:1,ExecutionTrigger.addTrigger
DA:79,1
BRDA:79,0,0,-
DA:80,0
DA:82,1
BRDA:82,1,0,-
DA:83,0
DA:86,1
DA:95,1
DA:96,1
DA:99,0
FN:99,ExecutionTrigger.removeTrigger
FNDA:0,ExecutionTrigger.removeTrigger
DA:102,0
BRDA:102,2,0,-
DA:103,0
DA:108,0
DA:109,0
BRDA:109,3,0,-
DA:110,0
DA:111,0
DA:112,0
DA:116,0
DA:119,0
FN:119,ExecutionTrigger.updateThreshold
FNDA:0,ExecutionTrigger.updateThreshold
DA:123,0
BRDA:123,4,0,-
DA:124,0
DA:126,0
DA:127,0
DA:130,0
FN:130,ExecutionTrigger.updateCooldown
FNDA:0,ExecutionTrigger.updateCooldown
DA:134,0
BRDA:134,5,0,-
DA:135,0
DA:137,0
DA:138,0
DA:141,0
FN:141,ExecutionTrigger.toggleTrigger
FNDA:0,ExecutionTrigger.toggleTrigger
DA:145,0
BRDA:145,6,0,-
DA:146,0
DA:148,0
DA:149,0
DA:156,0
FN:156,ExecutionTrigger.checkAndExecuteTriggers
FNDA:0,ExecutionTrigger.checkAndExecuteTriggers
DA:159,0
DA:160,0
DA:162,0
DA:163,0
DA:164,0
DA:166,0
BRDA:166,7,0,-
DA:169,0
BRDA:169,8,0,-
DA:172,0
BRDA:172,9,0,-
DA:173,0
DA:174,0
DA:175,0
DA:180,0
DA:181,0
DA:182,0
DA:190,0
FN:190,ExecutionTrigger.getTrigger
FNDA:0,ExecutionTrigger.getTrigger
DA:193,0
DA:196,1
FN:196,ExecutionTrigger.getTriggerCount
FNDA:1,ExecutionTrigger.getTriggerCount
DA:197,1
DA:200,0
FN:200,ExecutionTrigger.getActiveTriggers
FNDA:0,ExecutionTrigger.getActiveTriggers
DA:201,0
DA:202,0
DA:203,0
BRDA:203,10,0,-
DA:206,0
DA:207,0
DA:208,0
DA:209,0
BRDA:209,11,0,-
DA:210,0
DA:213,0
DA:216,0
FN:216,ExecutionTrigger.canTriggerFire
FNDA:0,ExecutionTrigger.canTriggerFire
DA:220,0
DA:221,0
BRDA:221,12,0,-
DA:222,0
BRDA:222,13,0,-
DA:223,0
FNF:10
FNH:2
LF:66
LH:8
BRF:14
BRH:0
end_of_record
TN:
SF:src/FeeVault.sol
DA:81,26
FN:81,FeeVault.constructor
FNDA:26,FeeVault.constructor
DA:89,26
BRDA:89,0,0,-
DA:91,26
DA:92,26
DA:97,26
DA:101,26
FN:101,FeeVault.initializeDeadShares
FNDA:26,FeeVault.initializeDeadShares
DA:102,26
BRDA:102,1,0,-
BRDA:102,1,1,26
DA:103,26
DA:110,0
FN:110,FeeVault.whenNotPaused
FNDA:0,FeeVault.whenNotPaused
DA:111,0
BRDA:111,2,0,-
DA:119,25623
FN:119,FeeVault.deposit
FNDA:25623,FeeVault.deposit
DA:123,25623
BRDA:123,3,0,-
DA:125,25623
DA:127,25623
DA:128,25623
DA:130,25623
DA:131,25623
BRDA:131,4,0,-
DA:133,25623
DA:135,25623
BRDA:135,5,0,-
DA:136,0
DA:137,0
DA:140,25623
DA:141,25623
DA:143,25623
DA:146,48872
FN:146,FeeVault.withdraw
FNDA:48872,FeeVault.withdraw
DA:151,1
DA:153,1
DA:155,1
BRDA:155,6,0,1
DA:156,1
DA:157,1
BRDA:157,7,0,-
DA:160,1
DA:162,1
DA:163,1
DA:165,1
BRDA:165,8,0,-
DA:166,0
DA:167,0
DA:170,1
DA:171,1
DA:173,1
DA:176,0
FN:176,FeeVault.redeem
FNDA:0,FeeVault.redeem
DA:181,0
DA:183,0
BRDA:183,9,0,-
DA:184,0
DA:185,0
BRDA:185,10,0,-
DA:188,0
DA:189,0
BRDA:189,11,0,-
DA:191,0
DA:193,0
DA:194,0
DA:196,0
BRDA:196,12,0,-
DA:197,0
DA:198,0
DA:201,0
DA:202,0
DA:204,0
DA:211,0
FN:211,FeeVault.claimRewards
FNDA:0,FeeVault.claimRewards
DA:212,0
DA:213,0
DA:215,0
BRDA:215,13,0,-
DA:216,0
BRDA:216,14,0,-
DA:218,0
DA:219,0
DA:221,0
DA:222,0
DA:225,0
FN:225,FeeVault.addRewards
FNDA:0,FeeVault.addRewards
DA:228,0
BRDA:228,15,0,-
DA:229,0
DA:230,0
DA:231,0
DA:234,0
FN:234,FeeVault.earned
FNDA:0,FeeVault.earned
DA:237,25624
DA:240,0
FN:240,FeeVault.rewardPerShare
FNDA:0,FeeVault.rewardPerShare
DA:241,51248
BRDA:241,16,0,-
DA:242,51248
DA:245,25624
FN:245,FeeVault._updateReward
FNDA:25624,FeeVault._updateReward
DA:248,25624
DA:249,25624
DA:250,25624
BRDA:250,17,0,25624
DA:251,25624
DA:252,25624
DA:260,2
FN:260,FeeVault.setDepositFee
FNDA:2,FeeVault.setDepositFee
DA:263,1
BRDA:263,18,0,-
DA:264,1
DA:265,1
DA:268,0
FN:268,FeeVault.setWithdrawFee
FNDA:0,FeeVault.setWithdrawFee
DA:271,0
BRDA:271,19,0,-
DA:272,0
DA:273,0
DA:276,0
FN:276,FeeVault.setPerformanceFee
FNDA:0,FeeVault.setPerformanceFee
DA:279,0
BRDA:279,20,0,-
DA:280,0
DA:281,0
DA:284,0
FN:284,FeeVault.setFeeRecipient
FNDA:0,FeeVault.setFeeRecipient
DA:287,0
BRDA:287,21,0,-
DA:288,0
DA:289,0
DA:292,0
FN:292,FeeVault.setRewardRate
FNDA:0,FeeVault.setRewardRate
DA:295,0
DA:296,0
DA:297,0
DA:300,51883
FN:300,FeeVault.pause
FNDA:51883,FeeVault.pause
DA:301,1
DA:302,1
DA:305,0
FN:305,FeeVault.unpause
FNDA:0,FeeVault.unpause
DA:306,0
DA:307,0
DA:310,0
FN:310,FeeVault.emergencyWithdraw
FNDA:0,FeeVault.emergencyWithdraw
DA:314,0
BRDA:314,22,0,-
DA:315,0
DA:316,0
DA:323,0
FN:323,FeeVault.totalAssets
FNDA:0,FeeVault.totalAssets
DA:324,25650
FNF:20
FNH:7
LF:112
LH:50
BRF:24
BRH:3
end_of_record
TN:
SF:src/FlashLoanEngine.sol
DA:78,1
FN:78,FlashLoanEngine.addProvider
FNDA:1,FlashLoanEngine.addProvider
DA:83,0
BRDA:83,0,0,-
DA:84,0
BRDA:84,1,0,-
DA:85,0
BRDA:85,2,0,-
DA:87,0
DA:88,0
DA:90,0
DA:93,0
FN:93,FlashLoanEngine.removeProvider
FNDA:0,FlashLoanEngine.removeProvider
DA:96,0
BRDA:96,3,0,-
DA:100,0
DA:101,0
BRDA:101,4,0,-
DA:102,0
DA:103,0
DA:104,0
DA:108,0
DA:111,0
FN:111,FlashLoanEngine.updateProvider
FNDA:0,FlashLoanEngine.updateProvider
DA:116,0
BRDA:116,5,0,-
DA:117,0
BRDA:117,6,0,-
DA:119,0
DA:120,0
DA:122,0
DA:129,0
FN:129,FlashLoanEngine.setDexRouterWhitelist
FNDA:0,FlashLoanEngine.setDexRouterWhitelist
DA:133,0
BRDA:133,7,0,-
DA:134,0
DA:135,0
DA:138,0
FN:138,FlashLoanEngine.setExecutorStatus
FNDA:0,FlashLoanEngine.setExecutorStatus
DA:142,0
BRDA:142,8,0,-
DA:143,0
DA:144,0
DA:147,0
FN:147,FlashLoanEngine.setSlippageLimits
FNDA:0,FlashLoanEngine.setSlippageLimits
DA:151,0
BRDA:151,9,0,-
DA:152,0
DA:153,0
DA:154,0
DA:161,0
FN:161,FlashLoanEngine.executeFlashLoanArbitrage
FNDA:0,FlashLoanEngine.executeFlashLoanArbitrage
DA:169,0
DA:170,0
BRDA:170,10,0,-
DA:171,0
BRDA:171,11,0,-
DA:174,0
DA:175,0
BRDA:175,12,0,-
DA:179,0
DA:184,0
DA:185,0
DA:186,0
BRDA:186,13,0,-
BRDA:186,13,1,-
DA:190,0
DA:191,0
DA:193,0
BRDA:193,14,0,-
BRDA:193,14,1,-
DA:194,0
DA:196,0
DA:199,0
BRDA:199,15,0,-
DA:201,0
DA:208,0
FN:208,FlashLoanEngine.getProvider
FNDA:0,FlashLoanEngine.getProvider
DA:211,0
DA:214,0
FN:214,FlashLoanEngine.getProviderCount
FNDA:0,FlashLoanEngine.getProviderCount
DA:215,0
DA:218,0
FN:218,FlashLoanEngine.getAllProviderIds
FNDA:0,FlashLoanEngine.getAllProviderIds
DA:219,0
DA:222,0
FN:222,FlashLoanEngine.isProviderActive
FNDA:0,FlashLoanEngine.isProviderActive
DA:225,0
FNF:11
FNH:1
LF:59
LH:1
BRF:18
BRH:0
end_of_record
TN:
SF:src/IntelligenceProcessor.sol
DA:71,0
FN:71,IntelligenceProcessor.addOpportunity
FNDA:0,IntelligenceProcessor.addOpportunity
DA:78,0
BRDA:78,0,0,-
DA:79,0
DA:82,0
DA:91,0
DA:92,0
DA:94,0
DA:97,0
FN:97,IntelligenceProcessor.markProcessed
FNDA:0,IntelligenceProcessor.markProcessed
DA:101,0
DA:102,0
BRDA:102,1,0,-
DA:103,0
DA:105,0
BRDA:105,2,0,-
DA:106,0
BRDA:106,3,0,-
DA:108,0
DA:109,0
DA:112,0
FN:112,IntelligenceProcessor.clearExpiredOpportunities
FNDA:0,IntelligenceProcessor.clearExpiredOpportunities
DA:115,0
DA:116,0
DA:118,0
DA:119,0
DA:120,0
BRDA:120,4,0,-
DA:122,0
DA:123,0
DA:124,0
DA:128,0
DA:129,0
DA:136,0
FN:136,IntelligenceProcessor.getOpportunity
FNDA:0,IntelligenceProcessor.getOpportunity
DA:139,0
DA:142,0
FN:142,IntelligenceProcessor.getOpportunitiesByType
FNDA:0,IntelligenceProcessor.getOpportunitiesByType
DA:145,0
DA:148,0
FN:148,IntelligenceProcessor.getActiveOpportunities
FNDA:0,IntelligenceProcessor.getActiveOpportunities
DA:151,0
DA:152,0
DA:154,0
DA:155,0
DA:156,0
BRDA:156,5,0,-
DA:157,0
DA:161,0
DA:162,0
DA:163,0
DA:164,0
DA:165,0
BRDA:165,6,0,-
DA:166,0
DA:169,0
FNF:6
FNH:0
LF:44
LH:0
BRF:7
BRH:0
end_of_record
TN:
SF:src/MEVProtector.sol
DA:70,1
FN:70,MEVProtector.commitExecution
FNDA:1,MEVProtector.commitExecution
DA:73,1
DA:74,1
DA:77,0
FN:77,MEVProtector.executeProtectedArbitrage
FNDA:0,MEVProtector.executeProtectedArbitrage
DA:83,0
BRDA:83,0,0,-
DA:85,0
DA:86,0
BRDA:86,1,0,-
DA:89,0
DA:90,0
BRDA:90,2,0,-
DA:92,0
DA:93,0
BRDA:93,3,0,-
DA:94,0
DA:96,0
BRDA:96,4,0,-
DA:97,0
DA:101,0
DA:102,0
BRDA:102,5,0,-
DA:103,0
DA:104,0
DA:108,0
DA:109,0
BRDA:109,6,0,-
DA:110,0
DA:115,0
DA:118,0
DA:119,0
BRDA:119,7,0,-
DA:121,0
DA:128,51192
FN:128,MEVProtector.setTargetWhitelist
FNDA:51192,MEVProtector.setTargetWhitelist
DA:132,1
BRDA:132,8,0,-
DA:133,1
DA:134,1
DA:137,0
FN:137,MEVProtector.setSelectorWhitelist
FNDA:0,MEVProtector.setSelectorWhitelist
DA:142,0
BRDA:142,9,0,-
DA:143,0
DA:144,0
DA:147,0
FN:147,MEVProtector.batchSetTargetWhitelist
FNDA:0,MEVProtector.batchSetTargetWhitelist
DA:151,0
BRDA:151,10,0,-
BRDA:151,10,1,-
DA:152,0
DA:153,0
BRDA:153,11,0,-
DA:154,0
DA:155,0
DA:159,0
FN:159,MEVProtector.batchSetSelectorWhitelist
FNDA:0,MEVProtector.batchSetSelectorWhitelist
DA:164,0
BRDA:164,12,0,-
BRDA:164,12,1,-
DA:165,0
DA:166,0
BRDA:166,13,0,-
DA:167,0
DA:168,0
DA:176,1
FN:176,MEVProtector.getCommitment
FNDA:1,MEVProtector.getCommitment
DA:179,1
DA:180,1
DA:183,0
FN:183,MEVProtector.canExecute
FNDA:0,MEVProtector.canExecute
DA:186,0
DA:187,0
BRDA:187,14,0,-
DA:188,0
DA:189,0
BRDA:189,15,0,-
DA:190,0
DA:191,0
FNF:8
FNH:3
LF:55
LH:10
BRF:18
BRH:0
end_of_record
TN:
SF:src/MaximumSecurityEngine.sol
DA:69,10
FN:69,MaximumSecurityEngine.constructor
FNDA:10,MaximumSecurityEngine.constructor
DA:73,10
DA:81,0
FN:81,MaximumSecurityEngine.executeWithMaximumSecurity
FNDA:0,MaximumSecurityEngine.executeWithMaximumSecurity
DA:88,0
BRDA:88,0,0,-
DA:89,0
BRDA:89,1,0,-
DA:92,0
DA:93,0
BRDA:93,2,0,-
DA:94,0
DA:98,0
DA:99,0
BRDA:99,3,0,-
BRDA:99,3,1,-
DA:100,0
DA:101,0
DA:103,0
BRDA:103,4,0,-
DA:104,0
DA:105,0
DA:107,0
DA:111,0
DA:112,0
DA:114,0
BRDA:114,5,0,-
DA:116,0
DA:123,0
FN:123,MaximumSecurityEngine.setSecurityConfig
FNDA:0,MaximumSecurityEngine.setSecurityConfig
DA:128,0
BRDA:128,6,0,-
DA:130,0
DA:134,0
DA:137,0
FN:137,MaximumSecurityEngine.setUserSecurityScore
FNDA:0,MaximumSecurityEngine.setUserSecurityScore
DA:141,0
BRDA:141,7,0,-
DA:142,0
BRDA:142,8,0,-
DA:144,0
DA:145,0
DA:147,0
DA:150,0
FN:150,MaximumSecurityEngine.setTargetWhitelist
FNDA:0,MaximumSecurityEngine.setTargetWhitelist
DA:154,0
BRDA:154,9,0,-
DA:155,0
DA:156,0
DA:159,0
FN:159,MaximumSecurityEngine.setSelectorWhitelist
FNDA:0,MaximumSecurityEngine.setSelectorWhitelist
DA:164,0
BRDA:164,10,0,-
DA:165,0
DA:166,0
DA:173,0
FN:173,MaximumSecurityEngine.getRateLimitStatus
FNDA:0,MaximumSecurityEngine.getRateLimitStatus
DA:176,0
DA:177,0
DA:179,0
BRDA:179,11,0,-
DA:180,0
DA:183,0
DA:184,0
DA:187,0
FN:187,MaximumSecurityEngine.canExecute
FNDA:0,MaximumSecurityEngine.canExecute
DA:192,0
BRDA:192,12,0,-
DA:193,0
BRDA:193,13,0,-
DA:194,0
BRDA:194,14,0,-
DA:196,0
DA:197,0
BRDA:197,15,0,-
DA:198,0
BRDA:198,16,0,-
DA:201,0
FNF:8
FNH:1
LF:53
LH:2
BRF:18
BRH:0
end_of_record
TN:
SF:src/MinimumCostExecutor.sol
DA:54,0
FN:54,MinimumCostExecutor.executeWithMinimumCost
FNDA:0,MinimumCostExecutor.executeWithMinimumCost
DA:59,0
DA:62,0
BRDA:62,0,0,-
DA:65,0
DA:66,0
BRDA:66,1,0,-
DA:69,0
DA:70,0
DA:73,0
DA:74,0
BRDA:74,2,0,-
DA:76,0
DA:83,0
FN:83,MinimumCostExecutor.setMaxCostPercentage
FNDA:0,MinimumCostExecutor.setMaxCostPercentage
DA:86,0
BRDA:86,3,0,-
DA:87,0
DA:88,0
DA:91,0
FN:91,MinimumCostExecutor.setDefaultPriorityFee
FNDA:0,MinimumCostExecutor.setDefaultPriorityFee
DA:94,0
DA:95,0
DA:98,0
FN:98,MinimumCostExecutor.setMaxGasPrice
FNDA:0,MinimumCostExecutor.setMaxGasPrice
DA:101,0
DA:102,0
DA:105,0
FN:105,MinimumCostExecutor.addGasRefund
FNDA:0,MinimumCostExecutor.addGasRefund
DA:109,0
DA:112,0
FN:112,MinimumCostExecutor.claimGasRefund
FNDA:0,MinimumCostExecutor.claimGasRefund
DA:113,0
DA:114,0
BRDA:114,4,0,-
DA:116,0
DA:117,0
DA:119,0
DA:126,0
FN:126,MinimumCostExecutor.estimateCost
FNDA:0,MinimumCostExecutor.estimateCost
DA:129,0
DA:132,0
FN:132,MinimumCostExecutor.isGasPriceAcceptable
FNDA:0,MinimumCostExecutor.isGasPriceAcceptable
DA:133,0
FNF:8
FNH:0
LF:32
LH:0
BRF:5
BRH:0
end_of_record
TN:
SF:src/QuantumArbitrage.sol
DA:65,0
FN:65,QuantumArbitrage.constructor
FNDA:0,QuantumArbitrage.constructor
DA:71,0
BRDA:71,0,0,-
DA:72,0
DA:73,0
DA:80,0
FN:80,QuantumArbitrage.queueFlashLoanEngineUpdate
FNDA:0,QuantumArbitrage.queueFlashLoanEngineUpdate
DA:83,0
BRDA:83,1,0,-
DA:85,0
DA:86,0
DA:88,0
DA:91,0
FN:91,QuantumArbitrage.executeFlashLoanEngineUpdate
FNDA:0,QuantumArbitrage.executeFlashLoanEngineUpdate
DA:92,0
DA:93,0
BRDA:93,2,0,-
DA:94,0
BRDA:94,3,0,-
DA:95,0
DA:98,0
DA:99,0
DA:102,0
DA:105,0
FN:105,QuantumArbitrage.queueRiskEngineUpdate
FNDA:0,QuantumArbitrage.queueRiskEngineUpdate
DA:108,0
BRDA:108,4,0,-
DA:110,0
DA:111,0
DA:113,0
DA:116,0
FN:116,QuantumArbitrage.executeRiskEngineUpdate
FNDA:0,QuantumArbitrage.executeRiskEngineUpdate
DA:117,0
DA:118,0
BRDA:118,5,0,-
DA:119,0
BRDA:119,6,0,-
DA:120,0
DA:123,0
DA:124,0
DA:127,0
DA:130,0
FN:130,QuantumArbitrage.cancelPendingFlashLoanUpdate
FNDA:0,QuantumArbitrage.cancelPendingFlashLoanUpdate
DA:131,0
BRDA:131,7,0,-
DA:133,0
DA:136,0
FN:136,QuantumArbitrage.cancelPendingRiskUpdate
FNDA:0,QuantumArbitrage.cancelPendingRiskUpdate
DA:137,0
BRDA:137,8,0,-
DA:139,0
DA:146,0
FN:146,QuantumArbitrage.executeArbitrage
FNDA:0,QuantumArbitrage.executeArbitrage
DA:150,0
DA:151,0
BRDA:151,9,0,-
DA:152,0
DA:154,0
DA:157,0
DA:161,0
DA:162,0
BRDA:162,10,0,-
DA:163,0
DA:166,0
BRDA:166,11,0,-
DA:169,0
DA:170,0
BRDA:170,12,0,-
DA:172,0
DA:173,0
DA:180,0
FN:180,QuantumArbitrage.setMinRiskScore
FNDA:0,QuantumArbitrage.setMinRiskScore
DA:183,0
DA:184,0
DA:187,0
FN:187,QuantumArbitrage.setMaxExecutionsPerBlock
FNDA:0,QuantumArbitrage.setMaxExecutionsPerBlock
DA:190,0
DA:191,0
DA:198,0
FN:198,QuantumArbitrage.getPendingFlashLoanUpdate
FNDA:0,QuantumArbitrage.getPendingFlashLoanUpdate
DA:199,0
DA:200,0
DA:203,0
FN:203,QuantumArbitrage.getPendingRiskUpdate
FNDA:0,QuantumArbitrage.getPendingRiskUpdate
DA:204,0
DA:205,0
DA:208,0
FN:208,QuantumArbitrage.getRemainingExecutions
FNDA:0,QuantumArbitrage.getRemainingExecutions
DA:209,0
DA:210,0
FNF:13
FNH:0
LF:65
LH:0
BRF:13
BRH:0
end_of_record
TN:
SF:src/RiskEngine.sol
DA:62,26
FN:62,RiskEngine.constructor
FNDA:26,RiskEngine.constructor
DA:66,26
DA:73,0
FN:73,RiskEngine.evaluate
FNDA:0,RiskEngine.evaluate
DA:78,0
DA:79,0
BRDA:79,0,0,-
DA:82,0
DA:85,0
DA:88,0
DA:90,0
DA:93,0
FN:93,RiskEngine.evaluatePair
FNDA:0,RiskEngine.evaluatePair
DA:99,0
DA:101,0
DA:102,0
BRDA:102,1,0,-
DA:104,0
DA:105,0
DA:106,0
BRDA:106,2,0,-
DA:107,0
BRDA:107,3,0,-
DA:108,0
DA:111,0
DA:112,0
DA:114,0
DA:115,0
DA:118,0
FN:118,RiskEngine.evaluateBatch
FNDA:0,RiskEngine.evaluateBatch
DA:122,0
BRDA:122,4,0,-
BRDA:122,4,1,-
DA:124,0
DA:125,0
DA:126,0
DA:127,0
BRDA:127,5,0,-
DA:129,0
DA:130,0
DA:135,0
FN:135,RiskEngine._calculateAmountAdjustment
FNDA:0,RiskEngine._calculateAmountAdjustment
DA:139,0
BRDA:139,6,0,-
DA:140,0
BRDA:140,7,0,-
DA:141,0
BRDA:141,8,0,-
DA:142,0
BRDA:142,9,0,-
DA:143,0
BRDA:143,10,0,-
DA:144,0
DA:147,0
FN:147,RiskEngine._getPairId
FNDA:0,RiskEngine._getPairId
DA:151,0
DA:152,0
DA:159,1
FN:159,RiskEngine.setTokenRiskScore
FNDA:1,RiskEngine.setTokenRiskScore
DA:163,0
BRDA:163,11,0,-
DA:164,0
BRDA:164,12,0,-
DA:166,0
DA:167,0
DA:169,0
DA:172,0
FN:172,RiskEngine.setPairRiskScore
FNDA:0,RiskEngine.setPairRiskScore
DA:177,0
BRDA:177,13,0,-
DA:178,0
BRDA:178,14,0,-
DA:180,0
DA:181,0
DA:182,0
DA:184,0
DA:187,0
FN:187,RiskEngine.setRiskParams
FNDA:0,RiskEngine.setRiskParams
DA:193,0
BRDA:193,15,0,-
DA:194,0
DA:197,0
DA:204,0
DA:207,0
FN:207,RiskEngine.setGlobalRiskMultiplier
FNDA:0,RiskEngine.setGlobalRiskMultiplier
DA:210,0
DA:211,0
DA:212,0
DA:215,0
FN:215,RiskEngine.batchSetTokenRiskScores
FNDA:0,RiskEngine.batchSetTokenRiskScores
DA:219,0
BRDA:219,16,0,-
BRDA:219,16,1,-
DA:221,0
DA:222,0
BRDA:222,17,0,-
DA:223,0
BRDA:223,18,0,-
DA:225,0
DA:226,0
DA:227,0
FNF:11
FNH:2
LF:70
LH:3
BRF:21
BRH:0
end_of_record
TN:
SF:src/RolesAuthorityVerified.sol
DA:40,0
FN:40,RolesAuthorityVerified.constructor
FNDA:0,RolesAuthorityVerified.constructor
DA:44,0
DA:47,0
DA:57,0
FN:57,RolesAuthorityVerified.blacklist
FNDA:0,RolesAuthorityVerified.blacklist
DA:60,0
BRDA:60,0,0,-
BRDA:60,0,1,-
DA:61,0
BRDA:61,1,0,-
BRDA:61,1,1,-
DA:62,0
DA:68,0
FN:68,RolesAuthorityVerified.checkBlacklisted
FNDA:0,RolesAuthorityVerified.checkBlacklisted
DA:71,0
DA:85,0
FN:85,RolesAuthorityVerified.setUserRole
FNDA:0,RolesAuthorityVerified.setUserRole
DA:91,0
BRDA:91,2,0,-
DA:92,0
BRDA:92,3,0,-
BRDA:92,3,1,-
DA:96,0
DA:99,0
DA:104,0
DA:107,0
BRDA:107,4,0,-
DA:108,0
DA:109,0
DA:113,0
BRDA:113,5,0,-
DA:114,0
DA:115,0
DA:119,0
BRDA:119,6,0,-
DA:120,0
DA:134,0
FN:134,RolesAuthorityVerified.canCall
FNDA:0,RolesAuthorityVerified.canCall
DA:139,0
DA:142,0
BRDA:142,7,0,-
DA:143,0
DA:147,0
BRDA:147,8,0,-
DA:148,0
DA:151,0
DA:162,0
FN:162,RolesAuthorityVerified.verifyP0_DepositorCannotWithdraw
FNDA:0,RolesAuthorityVerified.verifyP0_DepositorCannotWithdraw
DA:166,0
DA:169,0
DA:172,0
DA:178,0
FN:178,RolesAuthorityVerified.verifyP0_DepositorCannotRedeem
FNDA:0,RolesAuthorityVerified.verifyP0_DepositorCannotRedeem
DA:182,0
DA:183,0
DA:185,0
DA:191,0
FN:191,RolesAuthorityVerified.verifyP0_PauseRestriction
FNDA:0,RolesAuthorityVerified.verifyP0_PauseRestriction
DA:195,0
DA:198,0
DA:199,0
DA:200,0
DA:203,0
DA:213,0
FN:213,RolesAuthorityVerified.verifyP1_ExecutorNoWhitelist
FNDA:0,RolesAuthorityVerified.verifyP1_ExecutorNoWhitelist
DA:217,0
DA:218,0
DA:220,0
DA:226,0
FN:226,RolesAuthorityVerified.verifyP1_FeeUpdaterNoPause
FNDA:0,RolesAuthorityVerified.verifyP1_FeeUpdaterNoPause
DA:230,0
DA:231,0
DA:233,0
DA:239,0
FN:239,RolesAuthorityVerified.verifyP1_ArbitrageManagerNoWithdraw
FNDA:0,RolesAuthorityVerified.verifyP1_ArbitrageManagerNoWithdraw
DA:243,0
DA:244,0
DA:246,0
DA:255,0
FN:255,RolesAuthorityVerified.verifyOwnershipInvariant
FNDA:0,RolesAuthorityVerified.verifyOwnershipInvariant
DA:257,0
DA:263,0
FN:263,RolesAuthorityVerified.verifyOwnershipTransfer
FNDA:0,RolesAuthorityVerified.verifyOwnershipTransfer
DA:267,0
BRDA:267,9,0,-
BRDA:267,9,1,-
DA:270,0
BRDA:270,10,0,-
BRDA:270,10,1,-
DA:273,0
DA:283,0
FN:283,RolesAuthorityVerified.simulateExternalCall
FNDA:0,RolesAuthorityVerified.simulateExternalCall
DA:287,0
DA:288,0
DA:291,0
DA:297,0
BRDA:297,11,0,-
DA:298,0
FNF:14
FNH:0
LF:68
LH:0
BRF:17
BRH:0
end_of_record
TN:
SF:src/StrategyAnalytics.sol
DA:55,0
FN:55,StrategyAnalytics.recordTrade
FNDA:0,StrategyAnalytics.recordTrade
DA:62,0
BRDA:62,0,0,-
DA:64,0
DA:66,0
DA:67,0
BRDA:67,1,0,-
BRDA:67,1,1,-
DA:68,0
DA:69,0
DA:70,0
DA:72,0
DA:76,0
BRDA:76,2,0,-
BRDA:76,2,1,-
DA:77,0
DA:79,0
DA:82,0
DA:83,0
DA:84,0
DA:86,0
DA:89,0
FN:89,StrategyAnalytics.resetMetrics
FNDA:0,StrategyAnalytics.resetMetrics
DA:93,0
DA:100,0
FN:100,StrategyAnalytics.getMetrics
FNDA:0,StrategyAnalytics.getMetrics
DA:103,0
DA:106,0
FN:106,StrategyAnalytics.getSuccessRate
FNDA:0,StrategyAnalytics.getSuccessRate
DA:109,0
DA:110,0
BRDA:110,3,0,-
DA:111,0
DA:114,0
FN:114,StrategyAnalytics.getNetProfit
FNDA:0,StrategyAnalytics.getNetProfit
DA:117,0
DA:118,0
DA:121,0
FN:121,StrategyAnalytics.getProtocolStats
FNDA:0,StrategyAnalytics.getProtocolStats
DA:122,0
FNF:6
FNH:0
LF:29
LH:0
BRF:6
BRH:0
end_of_record
TN:
SF:src/StrategyOrchestrator.sol
DA:79,0
FN:79,StrategyOrchestrator.addStrategy
FNDA:0,StrategyOrchestrator.addStrategy
DA:87,0
BRDA:87,0,0,-
DA:88,0
DA:90,0
BRDA:90,1,0,-
DA:91,0
DA:93,0
BRDA:93,2,0,-
DA:94,0
BRDA:94,3,0,-
DA:96,0
DA:108,0
DA:109,0
DA:111,0
DA:114,0
FN:114,StrategyOrchestrator.removeStrategy
FNDA:0,StrategyOrchestrator.removeStrategy
DA:117,0
DA:118,0
BRDA:118,4,0,-
DA:120,0
DA:124,0
DA:125,0
BRDA:125,5,0,-
DA:126,0
DA:127,0
DA:128,0
DA:132,0
DA:135,0
FN:135,StrategyOrchestrator.updateStrategy
FNDA:0,StrategyOrchestrator.updateStrategy
DA:142,0
BRDA:142,6,0,-
DA:143,0
BRDA:143,7,0,-
DA:144,0
BRDA:144,8,0,-
DA:146,0
DA:147,0
DA:148,0
DA:149,0
DA:150,0
DA:152,0
DA:155,0
FN:155,StrategyOrchestrator.toggleStrategy
FNDA:0,StrategyOrchestrator.toggleStrategy
DA:159,0
BRDA:159,9,0,-
DA:160,0
DA:161,0
DA:164,0
FN:164,StrategyOrchestrator.executeStrategyFlow
FNDA:0,StrategyOrchestrator.executeStrategyFlow
DA:167,0
DA:168,0
BRDA:168,10,0,-
DA:169,0
BRDA:169,11,0,-
DA:171,0
DA:173,0
DA:174,0
DA:181,0
FN:181,StrategyOrchestrator.getStrategy
FNDA:0,StrategyOrchestrator.getStrategy
DA:184,0
DA:187,0
FN:187,StrategyOrchestrator.getStrategyCount
FNDA:0,StrategyOrchestrator.getStrategyCount
DA:188,0
DA:191,0
FN:191,StrategyOrchestrator.getStrategiesPaginated
FNDA:0,StrategyOrchestrator.getStrategiesPaginated
DA:195,0
DA:196,0
BRDA:196,12,0,-
DA:197,0
DA:200,0
DA:201,0
DA:202,0
DA:204,0
DA:205,0
DA:209,0
FN:209,StrategyOrchestrator.getActiveStrategies
FNDA:0,StrategyOrchestrator.getActiveStrategies
DA:210,0
DA:211,0
DA:212,0
BRDA:212,13,0,-
DA:215,0
DA:216,0
DA:217,0
DA:218,0
BRDA:218,14,0,-
DA:219,0
DA:222,0
DA:225,0
FN:225,StrategyOrchestrator.getStrategiesByType
FNDA:0,StrategyOrchestrator.getStrategiesByType
DA:228,0
DA:229,0
DA:230,0
DA:232,0
DA:233,0
BRDA:233,15,0,-
DA:234,0
DA:237,0
FNF:10
FNH:0
LF:73
LH:0
BRF:16
BRH:0
end_of_record
TN:
SF:src/UltimateArbitrageEngine.sol
DA:48,0
FN:48,UltimateArbitrageEngine.constructor
FNDA:0,UltimateArbitrageEngine.constructor
DA:53,0
BRDA:53,0,0,-
DA:54,0
DA:61,0
FN:61,UltimateArbitrageEngine.setFlashLoanPoolWhitelist
FNDA:0,UltimateArbitrageEngine.setFlashLoanPoolWhitelist
DA:65,0
BRDA:65,1,0,-
DA:66,0
DA:67,0
DA:70,0
FN:70,UltimateArbitrageEngine.setExecutorAuthorization
FNDA:0,UltimateArbitrageEngine.setExecutorAuthorization
DA:74,0
BRDA:74,2,0,-
DA:75,0
DA:76,0
DA:79,0
FN:79,UltimateArbitrageEngine.setFeeVault
FNDA:0,UltimateArbitrageEngine.setFeeVault
DA:82,0
BRDA:82,3,0,-
DA:83,0
DA:84,0
DA:87,0
FN:87,UltimateArbitrageEngine.setPerformanceFee
FNDA:0,UltimateArbitrageEngine.setPerformanceFee
DA:90,0
BRDA:90,4,0,-
DA:91,0
DA:92,0
DA:99,0
FN:99,UltimateArbitrageEngine.executeArbitrage
FNDA:0,UltimateArbitrageEngine.executeArbitrage
DA:105,0
BRDA:105,5,0,-
DA:108,0
DA:111,0
DA:112,0
BRDA:112,6,0,-
DA:115,0
DA:116,0
BRDA:116,7,0,-
DA:118,0
DA:121,0
DA:122,0
BRDA:122,8,0,-
DA:123,0
DA:126,0
DA:133,0
FN:133,UltimateArbitrageEngine.onFlashLoan
FNDA:0,UltimateArbitrageEngine.onFlashLoan
DA:140,0
BRDA:140,9,0,-
DA:143,0
DA:144,0
BRDA:144,10,0,-
DA:147,0
DA:148,0
DA:150,0
DA:157,0
FN:157,UltimateArbitrageEngine.isPoolWhitelisted
FNDA:0,UltimateArbitrageEngine.isPoolWhitelisted
DA:160,0
DA:163,0
FN:163,UltimateArbitrageEngine.isExecutorAuthorized
FNDA:0,UltimateArbitrageEngine.isExecutorAuthorized
DA:166,0
FNF:9
FNH:0
LF:42
LH:0
BRF:11
BRH:0
end_of_record
TN:
SF:src/utils/YulHelpers.sol
DA:18,0
FN:18,YulHelpers.hasRole
FNDA:0,YulHelpers.hasRole
DA:23,0
DA:31,0
FN:31,YulHelpers.setRole
FNDA:0,YulHelpers.setRole
DA:36,0
DA:44,0
FN:44,YulHelpers.clearRole
FNDA:0,YulHelpers.clearRole
DA:49,0
DA:57,0
FN:57,YulHelpers.hasAnyRole
FNDA:0,YulHelpers.hasAnyRole
DA:62,0
DA:73,0
FN:73,YulHelpers.calldataAddress
FNDA:0,YulHelpers.calldataAddress
DA:77,0
DA:84,0
FN:84,YulHelpers.calldataUint
FNDA:0,YulHelpers.calldataUint
DA:88,0
DA:100,0
FN:100,YulHelpers.mappingSlot
FNDA:0,YulHelpers.mappingSlot
DA:105,0
DA:106,0
DA:107,0
DA:119,0
FN:119,YulHelpers.uncheckedAdd
FNDA:0,YulHelpers.uncheckedAdd
DA:123,0
DA:130,0
FN:130,YulHelpers.uncheckedSub
FNDA:0,YulHelpers.uncheckedSub
DA:134,0
DA:141,0
FN:141,YulHelpers.divUp
FNDA:0,YulHelpers.divUp
DA:145,0
DA:152,0
FN:152,YulHelpers.min
FNDA:0,YulHelpers.min
DA:157,0
DA:165,0
FN:165,YulHelpers.max
FNDA:0,YulHelpers.max
DA:170,0
FNF:12
FNH:0
LF:26
LH:0
BRF:0
BRH:0
end_of_record
TN:
SF:test/RolesAuthority.t.sol
DA:18,16
FN:18,MockToken.constructor
FNDA:16,MockToken.constructor
DA:19,16
DA:22,16
FN:22,MockToken.mint
FNDA:16,MockToken.mint
DA:26,16
FNF:2
FNH:2
LF:4
LH:4
BRF:0
BRH:0
end_of_record
TN:
SF:test/RolesInvariant.t.sol
DA:22,10
FN:22,MockToken.constructor.0
FNDA:10,MockToken.constructor.0
DA:23,10
DA:26,20
FN:26,MockToken.mint
FNDA:20,MockToken.mint
DA:30,20
DA:47,10
FN:47,RolesAuthorityHandler.constructor.1
FNDA:10,RolesAuthorityHandler.constructor.1
DA:54,10
DA:55,10
DA:56,10
DA:57,10
DA:58,10
DA:62,25820
FN:62,RolesAuthorityHandler.attemptGrantRole
FNDA:25820,RolesAuthorityHandler.attemptGrantRole
DA:67,25820
DA:68,25820
DA:69,25820
DA:71,25820
BRDA:71,0,0,-
DA:73,25820
DA:75,25820
DA:76,25820
BRDA:76,1,0,25820
DA:77,0
DA:82,25350
FN:82,RolesAuthorityHandler.attemptSetCapability
FNDA:25350,RolesAuthorityHandler.attemptSetCapability
DA:88,25350
DA:89,25350
DA:90,25350
DA:91,25350
DA:93,25350
BRDA:93,2,0,-
DA:95,25350
DA:97,25350
DA:98,25350
BRDA:98,3,0,25350
DA:99,0
DA:104,25700
FN:104,RolesAuthorityHandler.attemptSetPublicCapability
FNDA:25700,RolesAuthorityHandler.attemptSetPublicCapability
DA:109,25700
DA:110,25700
DA:111,25700
DA:112,25700
DA:114,25700
BRDA:114,4,0,-
DA:116,25700
DA:118,25700
DA:119,25700
BRDA:119,5,0,25700
DA:120,0
DA:148,10
FN:148,ProtocolHandler.constructor.2
FNDA:10,ProtocolHandler.constructor.2
DA:161,10
DA:162,10
DA:163,10
DA:164,10
DA:165,10
DA:166,10
DA:167,10
DA:168,10
DA:169,10
DA:170,10
DA:171,10
DA:175,25620
FN:175,ProtocolHandler.depositorDeposit
FNDA:25620,ProtocolHandler.depositorDeposit
DA:178,25620
DA:180,25620
DA:181,25620
DA:182,25620
BRDA:182,6,0,25620
DA:183,25620
DA:187,25730
FN:187,ProtocolHandler.depositorAttemptWithdraw
FNDA:25730,ProtocolHandler.depositorAttemptWithdraw
DA:190,25730
DA:191,25730
DA:192,25730
BRDA:192,7,0,2570
DA:194,23160
DA:196,23160
DA:197,23160
BRDA:197,8,0,23160
DA:198,0
DA:203,25710
FN:203,ProtocolHandler.attackerAttemptWithdraw
FNDA:25710,ProtocolHandler.attackerAttemptWithdraw
DA:206,25710
DA:208,25710
DA:210,25710
DA:211,25710
BRDA:211,9,0,25710
DA:212,0
DA:217,25890
FN:217,ProtocolHandler.attackerAttemptPause
FNDA:25890,ProtocolHandler.attackerAttemptPause
DA:218,25890
DA:220,25890
DA:221,25890
BRDA:221,10,0,25890
DA:222,0
DA:227,25990
FN:227,ProtocolHandler.executorAttemptPause
FNDA:25990,ProtocolHandler.executorAttemptPause
DA:228,25990
DA:230,25990
DA:231,25990
BRDA:231,11,0,25990
DA:232,0
DA:237,25460
FN:237,ProtocolHandler.attackerAttemptWhitelist
FNDA:25460,ProtocolHandler.attackerAttemptWhitelist
DA:240,25460
DA:242,25460
DA:243,25460
BRDA:243,12,0,25460
DA:244,0
DA:249,25730
FN:249,ProtocolHandler.executorAttemptWhitelist
FNDA:25730,ProtocolHandler.executorAttemptWhitelist
DA:252,25730
DA:254,25730
DA:255,25730
BRDA:255,13,0,25730
DA:256,0
FNF:14
FNH:14
LF:91
LH:82
BRF:14
BRH:11
end_of_record
